===== ENVIRONMENT =====
Architecture:        x86_64
CPU op-mode(s):      32-bit, 64-bit
Byte Order:          Little Endian
CPU(s):              6
On-line CPU(s) list: 0-5
Thread(s) per core:  1
Core(s) per socket:  6
Socket(s):           1
NUMA node(s):        1
Vendor ID:           GenuineIntel
CPU family:          6
Model:               158
Model name:          Intel(R) Core(TM) i5-8500 CPU @ 3.00GHz
Stepping:            10
CPU MHz:             3901.050
CPU max MHz:         4100.0000
CPU min MHz:         800.0000
BogoMIPS:            6000.00
Virtualization:      VT-x
L1d cache:           32K
L1i cache:           32K
L2 cache:            256K
L3 cache:            9216K
NUMA node0 CPU(s):   0-5
Flags:               fpu vme de pse tsc msr pae mce cx8 apic sep mtrr pge mca cmov pat pse36 clflush dts acpi mmx fxsr sse sse2 ss ht tm pbe syscall nx pdpe1gb rdtscp lm constant_tsc art arch_perfmon pebs bts rep_good nopl xtopology nonstop_tsc cpuid aperfmperf tsc_known_freq pni pclmulqdq dtes64 monitor ds_cpl vmx smx est tm2 ssse3 sdbg fma cx16 xtpr pdcm pcid sse4_1 sse4_2 x2apic movbe popcnt tsc_deadline_timer aes xsave avx f16c rdrand lahf_lm abm 3dnowprefetch cpuid_fault epb invpcid_single pti ssbd ibrs ibpb stibp tpr_shadow vnmi flexpriority ept vpid ept_ad fsgsbase tsc_adjust bmi1 hle avx2 smep bmi2 erms invpcid rtm mpx rdseed adx smap clflushopt intel_pt xsaveopt xsavec xgetbv1 xsaves dtherm ida arat pln pts hwp hwp_notify hwp_act_window hwp_epp md_clear flush_l1d

===== COMPILING Makefile IN /dcs/20/u2061245/kudo/archiCW =====
gcc -c -O0 -Wall -Wextra -Werror -mavx2 -g -fopenmp main.c -o build/main.o
gcc -c -O0 -Wall -Wextra -Werror -mavx2 -g -fopenmp generate_matrix.c -o build/generate_matrix.o
gcc -c -O0 -Wall -Wextra -Werror -mavx2 -g -fopenmp conjugateGradient.c -o build/conjugateGradient.o
gcc -c -O0 -Wall -Wextra -Werror -mavx2 -g -fopenmp sparsemv.c -o build/sparsemv.o
gcc -c -O0 -Wall -Wextra -Werror -mavx2 -g -fopenmp waxpby.c -o build/waxpby.o
gcc -c -O0 -Wall -Wextra -Werror -mavx2 -g -fopenmp ddot.c -o build/ddot.o
gcc -c -O0 -Wall -Wextra -Werror -mavx2 -g -fopenmp compute_residual.c -o build/compute_residual.o
gcc -c -O0 -Wall -Wextra -Werror -mavx2 -g -fopenmp mytimer.c -o build/mytimer.o
gcc ./build/main.o ./build/generate_matrix.o ./build/conjugateGradient.o ./build/sparsemv.o ./build/waxpby.o ./build/ddot.o ./build/compute_residual.o ./build/mytimer.o -O0 -Wall -Wextra -Werror -mavx2 -g -fopenmp -lm -o acacgs

===== RUNNING ./acacgs 30 30 30 =====

===== Final Statistics =====
Executable name:      /dcs/20/u2061245/kudo/archiCW/./acacgs
Dimensions:           30 30 30
Number of iterations: 149
Final residual:       3.313706e-38

=== Time ==
Total:           2.890182e+01 seconds
ddot Kernel:     4.039900e-02 seconds
waxpby Kernel:   1.308770e-01 seconds
sparsemv Kernel: 2.872987e+01 seconds

=== FLOP ==
Total:           2.574720e+08 floating point operations
ddot Kernel:     1.609200e+07 floating point operations
waxpby Kernel:   2.413800e+07 floating point operations
sparsemv Kernel: 2.172420e+08 floating point operations

=== MFLOP/s ==
Total:           8.908505e+00 MFLOP/s
ddot Kernel:     3.983267e+02 MFLOP/s
waxpby Kernel:   1.844327e+02 MFLOP/s
sparsemv Kernel: 7.561538e+00 MFLOP/s

Difference between computed and exact = 1.665335e-15 
